2025-05-25 12:12:24,661 - INFO - Created directory: github\workflows for the file .gitkeep
2025-05-25 12:12:24,663 - INFO - Created file: github\workflows\.gitkeep
2025-05-25 12:12:24,663 - INFO - Created directory: src\mlops_project for the file __init__.py
2025-05-25 12:12:24,667 - INFO - Created file: src\mlops_project\__init__.py
2025-05-25 12:12:24,668 - INFO - Created directory: src\mlops_project\components for the file __init__.py
2025-05-25 12:12:24,670 - INFO - Created file: src\mlops_project\components\__init__.py
2025-05-25 12:12:24,670 - INFO - Created directory: src\mlops_project\utils for the file __init__.py
2025-05-25 12:12:24,672 - INFO - Created file: src\mlops_project\utils\__init__.py
2025-05-25 12:12:24,672 - INFO - Created directory: src\mlops_project\utils for the file common.py
2025-05-25 12:12:24,675 - INFO - Created file: src\mlops_project\utils\common.py
2025-05-25 12:12:24,675 - INFO - Created directory: src\mlops_project\config for the file __init__.py
2025-05-25 12:12:24,678 - INFO - Created file: src\mlops_project\config\__init__.py
2025-05-25 12:12:24,678 - INFO - Created directory: src\mlops_project\config for the file configuration.py
2025-05-25 12:12:24,680 - INFO - Created file: src\mlops_project\config\configuration.py
2025-05-25 12:12:24,680 - INFO - Created directory: src\mlops_project\pipliene for the file __init__.py
2025-05-25 12:12:24,683 - INFO - Created file: src\mlops_project\pipliene\__init__.py
2025-05-25 12:12:24,683 - INFO - Created directory: src\mlops_project\entity for the file __init__.py
2025-05-25 12:12:24,683 - INFO - Created file: src\mlops_project\entity\__init__.py
2025-05-25 12:12:24,686 - INFO - Created directory: src\mlops_project\entity for the file config_entity.py
2025-05-25 12:12:24,688 - INFO - Created file: src\mlops_project\entity\config_entity.py
2025-05-25 12:12:24,689 - INFO - Created directory: src\mlops_project\constant for the file __init__.py
2025-05-25 12:12:24,692 - INFO - Created file: src\mlops_project\constant\__init__.py
2025-05-25 12:12:24,692 - INFO - Created directory: config for the file config.yaml
2025-05-25 12:12:24,694 - INFO - Created file: config\config.yaml
2025-05-25 12:12:24,696 - INFO - Created file: params.yaml
2025-05-25 12:12:24,697 - INFO - Created file: schema.yaml
2025-05-25 12:12:24,699 - INFO - Created file: main.py
2025-05-25 12:12:24,699 - INFO - Created file: Dockerfile
2025-05-25 12:12:24,702 - INFO - Created file: requirements.txt
2025-05-25 12:12:24,706 - INFO - Created file: setup.py
2025-05-25 12:12:24,709 - INFO - Created file: README.md
2025-05-25 12:12:24,711 - INFO - Created file: app.py
2025-05-25 12:12:24,713 - INFO - Created directory: research for the file research.ipynb
2025-05-25 12:12:24,715 - INFO - Created file: research\research.ipynb
2025-05-25 12:12:24,716 - INFO - Created directory: templates for the file index.html
2025-05-25 12:12:24,718 - INFO - Created file: templates\index.html
